<?xml version="1.0" encoding="UTF-8"?>
<!-- Generated by org.testng.reporters.JUnitReportReporter -->
<testsuite skipped="0" hostname="MSTYCZEN" name="tests.LoginFormTest" tests="1" failures="0" timestamp="23 sty 2018 11:48:41 GMT" time="9.945" errors="0">
  <testcase name="loginWindowTestMobile" time="9.945" classname="tests.LoginFormTest"/>
</testsuite> <!-- tests.LoginFormTest -->
