<?xml version="1.0" encoding="UTF-8"?>
<!-- Generated by org.testng.reporters.JUnitReportReporter -->
<testsuite skipped="0" hostname="MSTYCZEN" name="tests.MainPageTest" tests="1" failures="0" timestamp="23 sty 2018 11:48:41 GMT" time="4.563" errors="0">
  <testcase name="WHVegasMainTestPage" time="4.563" classname="tests.MainPageTest"/>
</testsuite> <!-- tests.MainPageTest -->
