<?xml version="1.0" encoding="UTF-8"?>
<!-- Generated by org.testng.reporters.JUnitReportReporter -->
<testsuite skipped="0" hostname="MSTYCZEN" name="tests.SearchResultTest" tests="1" failures="0" timestamp="23 sty 2018 11:48:41 GMT" time="6.361" errors="0">
  <testcase name="testGameAfterSearchScreenMobile" time="6.361" classname="tests.SearchResultTest"/>
</testsuite> <!-- tests.SearchResultTest -->
